0 info it worked if it ends with ok
1 verbose cli [ '/home/ubuntu/.nvm/versions/node/v6.12.3/bin/node',
1 verbose cli   '/home/ubuntu/.nvm/versions/node/v6.12.3/bin/npm',
1 verbose cli   'install',
1 verbose cli   'fsevents@^1.1.2' ]
2 info using npm@3.10.10
3 info using node@v6.12.3
4 silly loadCurrentTree Starting
5 silly install loadCurrentTree
6 silly install readLocalPackageData
7 silly fetchPackageMetaData fsevents@^1.1.2
8 silly fetchNamedPackageData fsevents
9 silly mapToRegistry name fsevents
10 silly mapToRegistry using default registry
11 silly mapToRegistry registry https://registry.npmjs.org/
12 silly mapToRegistry data Result {
12 silly mapToRegistry   raw: 'fsevents',
12 silly mapToRegistry   scope: null,
12 silly mapToRegistry   escapedName: 'fsevents',
12 silly mapToRegistry   name: 'fsevents',
12 silly mapToRegistry   rawSpec: '',
12 silly mapToRegistry   spec: 'latest',
12 silly mapToRegistry   type: 'tag' }
13 silly mapToRegistry uri https://registry.npmjs.org/fsevents
14 verbose request uri https://registry.npmjs.org/fsevents
15 verbose request no auth needed
16 info attempt registry request try #1 at 11:51:15 AM
17 verbose request id 6a74a8d52b2d65b0
18 verbose etag "5afaf37f-11155"
19 verbose lastModified Tue, 15 May 2018 14:49:35 GMT
20 http request GET https://registry.npmjs.org/fsevents
21 http 304 https://registry.npmjs.org/fsevents
22 verbose headers { date: 'Fri, 18 May 2018 03:51:16 GMT',
22 verbose headers   via: '1.1 varnish',
22 verbose headers   'cache-control': 'max-age=300',
22 verbose headers   etag: '"5afaf37f-11155"',
22 verbose headers   age: '3589',
22 verbose headers   connection: 'keep-alive',
22 verbose headers   'x-served-by': 'cache-sjc3634-SJC',
22 verbose headers   'x-cache': 'HIT',
22 verbose headers   'x-cache-hits': '3',
22 verbose headers   'x-timer': 'S1526615476.312405,VS0,VE0',
22 verbose headers   vary: 'Accept-Encoding, Accept' }
23 silly get cb [ 304,
23 silly get   { date: 'Fri, 18 May 2018 03:51:16 GMT',
23 silly get     via: '1.1 varnish',
23 silly get     'cache-control': 'max-age=300',
23 silly get     etag: '"5afaf37f-11155"',
23 silly get     age: '3589',
23 silly get     connection: 'keep-alive',
23 silly get     'x-served-by': 'cache-sjc3634-SJC',
23 silly get     'x-cache': 'HIT',
23 silly get     'x-cache-hits': '3',
23 silly get     'x-timer': 'S1526615476.312405,VS0,VE0',
23 silly get     vary: 'Accept-Encoding, Accept' } ]
24 verbose etag https://registry.npmjs.org/fsevents from cache
25 verbose get saving fsevents to /home/ubuntu/.npm/registry.npmjs.org/fsevents/.cache.json
26 verbose correctMkdir /home/ubuntu/.npm correctMkdir not in flight; initializing
27 silly install normalizeTree
28 silly loadCurrentTree Finishing
29 silly loadIdealTree Starting
30 silly install loadIdealTree
31 silly cloneCurrentTree Starting
32 silly install cloneCurrentTreeToIdealTree
33 silly cloneCurrentTree Finishing
34 silly loadShrinkwrap Starting
35 silly install loadShrinkwrap
36 silly loadShrinkwrap Finishing
37 silly loadAllDepsIntoIdealTree Starting
38 silly install loadAllDepsIntoIdealTree
39 silly rollbackFailedOptional Starting
40 silly rollbackFailedOptional Finishing
41 silly runTopLevelLifecycles Finishing
42 silly install printInstalled
43 verbose stack Error: Unsupported platform for fsevents@1.2.4: wanted {"name":"fsevents","version":"1.2.4","description":"Native Access to Mac OS-X FSEvents","main":"fsevents.js","dependencies":{"nan":"^2.9.2","node-pre-gyp":"^0.10.0"},"os":["darwin"],"engines":{"node":">=0.8.0"},"scripts":{"install":"node install","prepublish":"if [ $(npm -v | head -c 1) -lt 3 ]; then exit 1; fi && npm dedupe","test":"tap ./test","node-pre-gyp":"node-pre-gyp"},"binary":{"module_name":"fse","module_path":"./lib/binding/{configuration}/{node_abi}-{platform}-{arch}/","remote_path":"./v{version}/","package_name":"{module_name}-v{version}-{node_abi}-{platform}-{arch}.tar.gz","host":"https://fsevents-binaries.s3-us-west-2.amazonaws.com"},"repository":{"type":"git","url":"git+https://github.com/strongloop/fsevents.git"},"keywords":["fsevents","mac"],"author":{"name":"Philipp Dunkel","email":"pip@pipobscure.com"},"license":"MIT","bugs":{"url":"https://github.com/strongloop/fsevents/issues"},"homepage":"https://github.com/strongloop/fsevents","devDependencies":{"tap":"~0.4.8"},"gitHead":"0effedf587a97bebb06fb2fd57dfe521ae7eedae","bundleDependencies":["node-pre-gyp"],"_id":"fsevents@1.2.4","_npmVersion":"6.0.1","_nodeVersion":"10.1.0","_npmUser":{"name":"es128","email":"elan.shanker+npm@gmail.com"},"dist":{"integrity":"sha512-z8H8/diyk76B7q5wg+Ud0+CqzcAF3mBBI/bA5ne5zrRUUIvNkJY//D3BqyH571KuAC4Nr7Rw7CjWX4r0y9DvNg==","shasum":"f41dcb1af2582af3692da36fc55cbd8e1041c426","tarball":"https://registry.npmjs.org/fsevents/-/fsevents-1.2.4.tgz","fileCount":559,"unpackedSize":2490951,"npm-signature":"-----BEGIN PGP SIGNATURE-----\r\nVersion: OpenPGP.js v3.0.4\r\nComment: https://openpgpjs.org\r\n\r\nwsFcBAEBCAAQBQJa+vN7CRA9TVsSAnZWagAAHPMP/2sJypm9thQoMu7ri43K\n6TmTujytWKRV82Ax/6OClFbd6C/MhWB/1/dhUVOLHSPGhVWwGJTUz37kShfO\nyoMbKSzEi1UHRFYKzPUOsxmD/kWb5ZQeRREuXi5Qt+vnXmnuNw8z+Yj2AvcG\nybTzRHRrJfxsfHstUiMsT+oql2+laMnh2jgudrG9k3VPGRe5ZFBe7xlG9eXV\ngpdZgLoxWR2shzDU7csLuh4xYcOKoIVaiYRwz0Payw6naqLGKHfiplPB0geo\nOJeToEPYVewS+2DM3PB3gVdX2mthX2pIzEshPNbKC8BUyp89Bm1ZBHgtJbPg\nJDHqWsAhGmpwmzLjGT0M1PKion78OkG1b3tM9HfGlWnAUGu7KKRhlebDHn62\nm6g1kJ6ZBGzGx2/EFCQ1O8OfIQ3CrsuIbPAygmlgws7G08J/0oNIUVNwaX3R\nvDlXqiFoHMqkA8A3XOmnXvlHgqaM4aYvepGPir+es7+aQ17M2PocLCwYvRj9\n7NN0FeYON2K/jv7rLfxfeozGef2zC46j96V1//FJZOuGewePJf1Ua/rSeoZL\n+8Mj73A9oXC3yiGgT8lkNd6A/LPZk/p5wlh5n+S5a6yJQUQVxD2uHbpxLnF0\nUMUh/eKeIEG/p9TfKvQk38ssAyuDMEyEAMxzfFmrV7L6Q3QmZR2qW3RZDC6W\nWCws\r\n=pVL0\r\n-----END PGP SIGNATURE-----\r\n"},"maintainers":[{"name":"bajtos","email":"mbajtoss@gmail.com"},{"name":"bnoordhuis","email":"info@bnoordhuis.nl"},{"name":"es128","email":"elan.shanker+npm@gmail.com"},{"name":"pipobscure","email":"pip@pipobscure.com"}],"directories":{},"_npmOperationalInternal":{"host":"s3://npm-registry-packages","tmp":"tmp/fsevents_1.2.4_1526395769943_0.7765616322943785"},"_from":"fsevents@^1.1.2","_resolved":"https://registry.npmjs.org/fsevents/-/fsevents-1.2.4.tgz","_shasum":"f41dcb1af2582af3692da36fc55cbd8e1041c426","_requested":{"raw":"fsevents@^1.1.2","scope":null,"escapedName":"fsevents","name":"fsevents","rawSpec":"^1.1.2","spec":">=1.1.2 <2.0.0","type":"range"},"_spec":"fsevents@^1.1.2","_where":"/data/web_server/vue-study","_args":[[{"raw":"fsevents@^1.1.2","scope":null,"escapedName":"fsevents","name":"fsevents","rawSpec":"^1.1.2","spec":">=1.1.2 <2.0.0","type":"range"},"/data/web_server/vue-study"]],"readme":"ERROR: No README data found!"} (current: {"os":"linux","cpu":"x64"})
43 verbose stack     at checkPlatform (/home/ubuntu/.nvm/versions/node/v6.12.3/lib/node_modules/npm/node_modules/npm-install-checks/index.js:45:14)
43 verbose stack     at thenWarnEngineIssues (/home/ubuntu/.nvm/versions/node/v6.12.3/lib/node_modules/npm/lib/install/validate-args.js:41:5)
43 verbose stack     at /home/ubuntu/.nvm/versions/node/v6.12.3/lib/node_modules/npm/node_modules/iferr/index.js:13:50
43 verbose stack     at checkEngine (/home/ubuntu/.nvm/versions/node/v6.12.3/lib/node_modules/npm/node_modules/npm-install-checks/index.js:24:10)
43 verbose stack     at module.exports.isInstallable (/home/ubuntu/.nvm/versions/node/v6.12.3/lib/node_modules/npm/lib/install/validate-args.js:38:3)
43 verbose stack     at Array.<anonymous> (/home/ubuntu/.nvm/versions/node/v6.12.3/lib/node_modules/npm/node_modules/slide/lib/bind-actor.js:15:8)
43 verbose stack     at LOOP (/home/ubuntu/.nvm/versions/node/v6.12.3/lib/node_modules/npm/node_modules/slide/lib/chain.js:15:14)
43 verbose stack     at /home/ubuntu/.nvm/versions/node/v6.12.3/lib/node_modules/npm/node_modules/slide/lib/chain.js:18:7
43 verbose stack     at checkSelf (/home/ubuntu/.nvm/versions/node/v6.12.3/lib/node_modules/npm/lib/install/validate-args.js:46:72)
43 verbose stack     at Array.<anonymous> (/home/ubuntu/.nvm/versions/node/v6.12.3/lib/node_modules/npm/node_modules/slide/lib/bind-actor.js:15:8)
44 verbose pkgid fsevents@1.2.4
45 verbose cwd /data/web_server/vue-study
46 error Linux 4.4.0-116-generic
47 error argv "/home/ubuntu/.nvm/versions/node/v6.12.3/bin/node" "/home/ubuntu/.nvm/versions/node/v6.12.3/bin/npm" "install" "fsevents@^1.1.2"
48 error node v6.12.3
49 error npm  v3.10.10
50 error code EBADPLATFORM
51 error notsup Unsupported platform for fsevents@1.2.4: wanted {"os":"darwin","arch":"any"} (current: {"os":"linux","arch":"x64"})
52 error notsup Valid OS:    darwin
52 error notsup Valid Arch:  any
52 error notsup Actual OS:   linux
52 error notsup Actual Arch: x64
53 verbose exit [ 1, true ]
